<?xml version="1.0" encoding="UTF-8"?>
<!-- Generated by org.testng.reporters.JUnitXMLReporter -->
<testsuite hostname="IBM-Testing01" name="Test" tests="4" failures="0" timestamp="9 Mar 2020 04:48:55 GMT" time="0.099" errors="0">
  <testcase name="test1" time="0.027" classname="groupsdemo.Groupdemo1"/>
  <testcase name="test2" time="0.005" classname="groupsdemo.Groupdemo1"/>
  <testcase name="test3" time="0.003" classname="groupsdemo.Groupdemo1"/>
  <testcase name="test2" time="0.007" classname="groupsdemo.Test2"/>
</testsuite> <!-- Test -->
